2018-10-19 15:49:56  [ http-nio-8080-exec-7:0 ] - [ DEBUG ]  [REQUEST] {"Const":false,"From":"9d72420fcd89ae9dad07f2c3c4cb2b9887c14b49","Payload":"0xb95da53300000000000000000000000000000000000000000000000000000000000000013100000000000000000000000000000000000000000000000000000000000000","To":"0xae7f01e1eb9a9e2647772d8405d960b4d244df22"}
2018-10-19 15:49:56  [ http-nio-8080-exec-7:8 ] - [ DEBUG ]  [REQUEST] CURL： curl -X POST --head '{"Const":false,"From":"9d72420fcd89ae9dad07f2c3c4cb2b9887c14b49","Payload":"0xb95da53300000000000000000000000000000000000000000000000000000000000000013100000000000000000000000000000000000000000000000000000000000000","To":"0xae7f01e1eb9a9e2647772d8405d960b4d244df22"}'
2018-10-19 15:50:09  [ http-nio-8080-exec-7:13049 ] - [ DEBUG ]  [RESPONSE] {
  "Code": 0,
  "Status": "ok",
  "TxHash": "0xcdf1c773efc7fc554e639a71d943ec00231c5fd87e9e3d70d6e8f1c6b391abcf",
  "ContractAddress": "0x0000000000000000000000000000000000000000",
  "Ret": "0x0"
}
2018-10-19 15:50:35  [ http-nio-8080-exec-8:38793 ] - [ DEBUG ]  [REQUEST] {"Const":false,"From":"9d72420fcd89ae9dad07f2c3c4cb2b9887c14b49","Payload":"0x5ad7db3900000000000000000000000000000000000000000000000000000000000000013100000000000000000000000000000000000000000000000000000000000000","To":"0xae7f01e1eb9a9e2647772d8405d960b4d244df22"}
2018-10-19 15:50:35  [ http-nio-8080-exec-8:38795 ] - [ DEBUG ]  [REQUEST] CURL： curl -X POST --head '{"Const":false,"From":"9d72420fcd89ae9dad07f2c3c4cb2b9887c14b49","Payload":"0x5ad7db3900000000000000000000000000000000000000000000000000000000000000013100000000000000000000000000000000000000000000000000000000000000","To":"0xae7f01e1eb9a9e2647772d8405d960b4d244df22"}'
2018-10-19 15:50:36  [ http-nio-8080-exec-8:40411 ] - [ DEBUG ]  [RESPONSE] {
  "Code": -1016,
  "Status": "INVOKE_CONTRACT_FAILED",
  "TxHash": "",
  "ContractAddress": "",
  "Ret": ""
}
2018-10-19 15:53:49  [ http-nio-8080-exec-9:233443 ] - [ DEBUG ]  [REQUEST] {"Const":false,"From":"9d72420fcd89ae9dad07f2c3c4cb2b9887c14b49","Payload":"0x5ad7db3900000000000000000000000000000000000000000000000000000000000000013100000000000000000000000000000000000000000000000000000000000000","To":"0xae7f01e1eb9a9e2647772d8405d960b4d244df22"}
2018-10-19 15:53:49  [ http-nio-8080-exec-9:233444 ] - [ DEBUG ]  [REQUEST] CURL： curl -X POST --head '{"Const":false,"From":"9d72420fcd89ae9dad07f2c3c4cb2b9887c14b49","Payload":"0x5ad7db3900000000000000000000000000000000000000000000000000000000000000013100000000000000000000000000000000000000000000000000000000000000","To":"0xae7f01e1eb9a9e2647772d8405d960b4d244df22"}'
2018-10-19 15:53:51  [ http-nio-8080-exec-9:235126 ] - [ DEBUG ]  [RESPONSE] {
  "Code": -1016,
  "Status": "INVOKE_CONTRACT_FAILED",
  "TxHash": "",
  "ContractAddress": "",
  "Ret": ""
}
2018-10-19 15:54:57  [ http-nio-8080-exec-7:0 ] - [ DEBUG ]  [REQUEST] {"Const":false,"From":"9d72420fcd89ae9dad07f2c3c4cb2b9887c14b49","Payload":"0xd39622390000000000000000000000000000000000000000000000000000000000000001","To":"0xae7f01e1eb9a9e2647772d8405d960b4d244df22"}
2018-10-19 15:54:57  [ http-nio-8080-exec-7:6 ] - [ DEBUG ]  [REQUEST] CURL： curl -X POST --head '{"Const":false,"From":"9d72420fcd89ae9dad07f2c3c4cb2b9887c14b49","Payload":"0xd39622390000000000000000000000000000000000000000000000000000000000000001","To":"0xae7f01e1eb9a9e2647772d8405d960b4d244df22"}'
2018-10-19 15:55:02  [ http-nio-8080-exec-7:5883 ] - [ DEBUG ]  [RESPONSE] {
  "Code": 0,
  "Status": "ok",
  "TxHash": "0xfc2ee9464ef9e3d48dad1e07ecbdc7308091a0abdea58fdbee1c6021c5f963a9",
  "ContractAddress": "0x0000000000000000000000000000000000000000",
  "Ret": "0x00000000000000000000000000000000000000000000000000000000000000013100000000000000000000000000000000000000000000000000000000000000"
}
2018-10-19 15:58:30  [ http-nio-8080-exec-10:213342 ] - [ DEBUG ]  [REQUEST] {"Const":false,"From":"9d72420fcd89ae9dad07f2c3c4cb2b9887c14b49","Payload":"0xb95da5330000000000000000000000000000000000000000000000000000000000000aaa6161610000000000000000000000000000000000000000000000000000000000","To":"0xae7f01e1eb9a9e2647772d8405d960b4d244df22"}
2018-10-19 15:58:30  [ http-nio-8080-exec-10:213346 ] - [ DEBUG ]  [REQUEST] CURL： curl -X POST --head '{"Const":false,"From":"9d72420fcd89ae9dad07f2c3c4cb2b9887c14b49","Payload":"0xb95da5330000000000000000000000000000000000000000000000000000000000000aaa6161610000000000000000000000000000000000000000000000000000000000","To":"0xae7f01e1eb9a9e2647772d8405d960b4d244df22"}'
2018-10-19 15:58:31  [ http-nio-8080-exec-10:214503 ] - [ DEBUG ]  [RESPONSE] {
  "Code": 0,
  "Status": "ok",
  "TxHash": "0x7328e12d5018b2cc3e98b374c15b23eb9554419d5921290e53ed8da9705ed331",
  "ContractAddress": "0x0000000000000000000000000000000000000000",
  "Ret": "0x0"
}
2018-10-19 15:58:41  [ http-nio-8080-exec-1:224737 ] - [ DEBUG ]  [REQUEST] {"Const":false,"From":"9d72420fcd89ae9dad07f2c3c4cb2b9887c14b49","Payload":"0xd39622390000000000000000000000000000000000000000000000000000000000000aaa","To":"0xae7f01e1eb9a9e2647772d8405d960b4d244df22"}
2018-10-19 15:58:41  [ http-nio-8080-exec-1:224738 ] - [ DEBUG ]  [REQUEST] CURL： curl -X POST --head '{"Const":false,"From":"9d72420fcd89ae9dad07f2c3c4cb2b9887c14b49","Payload":"0xd39622390000000000000000000000000000000000000000000000000000000000000aaa","To":"0xae7f01e1eb9a9e2647772d8405d960b4d244df22"}'
2018-10-19 15:58:43  [ http-nio-8080-exec-1:226008 ] - [ DEBUG ]  [RESPONSE] {
  "Code": 0,
  "Status": "ok",
  "TxHash": "0xcc6740173ecd6120150e187740ca1812b837f61506329b9ce7757f09b615a6ac",
  "ContractAddress": "0x0000000000000000000000000000000000000000",
  "Ret": "0x00000000000000000000000000000000000000000000000000000000000000016161610000000000000000000000000000000000000000000000000000000000"
}
2018-10-19 15:59:11  [ http-nio-8080-exec-2:254719 ] - [ DEBUG ]  [REQUEST] {"Const":false,"From":"9d72420fcd89ae9dad07f2c3c4cb2b9887c14b49","Payload":"0xd39622390000000000000000000000000000000000000000000000000000000000000001","To":"0xae7f01e1eb9a9e2647772d8405d960b4d244df22"}
2018-10-19 15:59:11  [ http-nio-8080-exec-2:254725 ] - [ DEBUG ]  [REQUEST] CURL： curl -X POST --head '{"Const":false,"From":"9d72420fcd89ae9dad07f2c3c4cb2b9887c14b49","Payload":"0xd39622390000000000000000000000000000000000000000000000000000000000000001","To":"0xae7f01e1eb9a9e2647772d8405d960b4d244df22"}'
2018-10-19 15:59:12  [ http-nio-8080-exec-2:255971 ] - [ DEBUG ]  [RESPONSE] {
  "Code": 0,
  "Status": "ok",
  "TxHash": "0x03d620c9a627285069b8185be8cd78c7bd723bdc5dd90f073b31ba51ea8fc07d",
  "ContractAddress": "0x0000000000000000000000000000000000000000",
  "Ret": "0x00000000000000000000000000000000000000000000000000000000000000013100000000000000000000000000000000000000000000000000000000000000"
}
2018-10-19 16:23:02  [ http-nio-8080-exec-1:1 ] - [ DEBUG ]  [REQUEST] {"Const":false,"From":"9d72420fcd89ae9dad07f2c3c4cb2b9887c14b49","Payload":"0x893d20e8","To":"0xae7f01e1eb9a9e2647772d8405d960b4d244df22"}
2018-10-19 16:23:02  [ http-nio-8080-exec-1:12 ] - [ DEBUG ]  [REQUEST] CURL： curl -X POST --head '{"Const":false,"From":"9d72420fcd89ae9dad07f2c3c4cb2b9887c14b49","Payload":"0x893d20e8","To":"0xae7f01e1eb9a9e2647772d8405d960b4d244df22"}'
2018-10-19 16:23:04  [ http-nio-8080-exec-1:1889 ] - [ DEBUG ]  [RESPONSE] {
  "Code": 0,
  "Status": "ok",
  "TxHash": "0x89bd2752aeb00c1b9f1433e5599e7331cec26f854de9cd1a0bae0d8be5b62b89",
  "ContractAddress": "0x0000000000000000000000000000000000000000",
  "Ret": "0x000000000000000000000000f3c9d9d1951cf01a9c0b648e465d2ce68be444e1"
}
2018-10-19 16:26:23  [ http-nio-8080-exec-1:0 ] - [ DEBUG ]  [REQUEST] {"Const":false,"From":"9d72420fcd89ae9dad07f2c3c4cb2b9887c14b49","Payload":"0x893d20e8","To":"0xae7f01e1eb9a9e2647772d8405d960b4d244df22"}
2018-10-19 16:26:23  [ http-nio-8080-exec-1:13 ] - [ DEBUG ]  [REQUEST] CURL： curl -X POST --head '{"Const":false,"From":"9d72420fcd89ae9dad07f2c3c4cb2b9887c14b49","Payload":"0x893d20e8","To":"0xae7f01e1eb9a9e2647772d8405d960b4d244df22"}'
2018-10-19 16:26:31  [ http-nio-8080-exec-1:7545 ] - [ DEBUG ]  [RESPONSE] {
  "Code": 0,
  "Status": "ok",
  "TxHash": "0xbea9b566f021798e75bdd0f73fcbf79888b18c82cbf60cf88292cce39549e57d",
  "ContractAddress": "0x0000000000000000000000000000000000000000",
  "Ret": "0x000000000000000000000000f3c9d9d1951cf01a9c0b648e465d2ce68be444e1"
}
2018-10-19 16:27:16  [ http-nio-8080-exec-2:52909 ] - [ DEBUG ]  [REQUEST] {"Const":false,"From":"9d72420fcd89ae9dad07f2c3c4cb2b9887c14b49","Payload":"0x893d20e8","To":"0xae7f01e1eb9a9e2647772d8405d960b4d244df22"}
2018-10-19 16:27:16  [ http-nio-8080-exec-2:52912 ] - [ DEBUG ]  [REQUEST] CURL： curl -X POST --head '{"Const":false,"From":"9d72420fcd89ae9dad07f2c3c4cb2b9887c14b49","Payload":"0x893d20e8","To":"0xae7f01e1eb9a9e2647772d8405d960b4d244df22"}'
2018-10-19 16:27:18  [ http-nio-8080-exec-2:54840 ] - [ DEBUG ]  [RESPONSE] {
  "Code": 0,
  "Status": "ok",
  "TxHash": "0x68720acd43ae4d460affdc5feb9043f1062d033d5dd9680bc6018c738ba98356",
  "ContractAddress": "0x0000000000000000000000000000000000000000",
  "Ret": "0x000000000000000000000000f3c9d9d1951cf01a9c0b648e465d2ce68be444e1"
}
2018-10-19 16:31:15  [ http-nio-8080-exec-1:0 ] - [ DEBUG ]  [REQUEST] {"Const":false,"From":"9d72420fcd89ae9dad07f2c3c4cb2b9887c14b49","Payload":"0x893d20e8","To":"0xae7f01e1eb9a9e2647772d8405d960b4d244df22"}
2018-10-19 16:31:15  [ http-nio-8080-exec-1:5 ] - [ DEBUG ]  [REQUEST] CURL： curl -X POST --head '{"Const":false,"From":"9d72420fcd89ae9dad07f2c3c4cb2b9887c14b49","Payload":"0x893d20e8","To":"0xae7f01e1eb9a9e2647772d8405d960b4d244df22"}'
2018-10-19 16:31:17  [ http-nio-8080-exec-1:2020 ] - [ DEBUG ]  [RESPONSE] {
  "Code": 0,
  "Status": "ok",
  "TxHash": "0xd13fdf4db7064431cbedabd712cf39dda50189109a8d3115d2b2504173fae344",
  "ContractAddress": "0x0000000000000000000000000000000000000000",
  "Ret": "0x000000000000000000000000f3c9d9d1951cf01a9c0b648e465d2ce68be444e1"
}
2018-10-19 16:31:32  [ http-nio-8080-exec-2:17015 ] - [ DEBUG ]  [REQUEST] {"Const":false,"From":"9d72420fcd89ae9dad07f2c3c4cb2b9887c14b49","Payload":"0x893d20e8","To":"0xae7f01e1eb9a9e2647772d8405d960b4d244df22"}
2018-10-19 16:31:32  [ http-nio-8080-exec-2:17018 ] - [ DEBUG ]  [REQUEST] CURL： curl -X POST --head '{"Const":false,"From":"9d72420fcd89ae9dad07f2c3c4cb2b9887c14b49","Payload":"0x893d20e8","To":"0xae7f01e1eb9a9e2647772d8405d960b4d244df22"}'
2018-10-19 16:31:33  [ http-nio-8080-exec-2:18204 ] - [ DEBUG ]  [RESPONSE] {
  "Code": 0,
  "Status": "ok",
  "TxHash": "0x5516cfbe7242306af4d17b839606f20f4125f80e5f5c0bcdfeb5c4a3ec29c928",
  "ContractAddress": "0x0000000000000000000000000000000000000000",
  "Ret": "0x000000000000000000000000f3c9d9d1951cf01a9c0b648e465d2ce68be444e1"
}
2018-10-19 16:33:05  [ http-nio-8080-exec-4:110530 ] - [ DEBUG ]  [REQUEST] {"Const":false,"From":"9d72420fcd89ae9dad07f2c3c4cb2b9887c14b49","Payload":"0x2b74d6570000000000000000000000009d72420fcd89ae9dad07f2c3c4cb2b9887c14b49","To":"0xae7f01e1eb9a9e2647772d8405d960b4d244df22"}
2018-10-19 16:33:05  [ http-nio-8080-exec-4:110530 ] - [ DEBUG ]  [REQUEST] CURL： curl -X POST --head '{"Const":false,"From":"9d72420fcd89ae9dad07f2c3c4cb2b9887c14b49","Payload":"0x2b74d6570000000000000000000000009d72420fcd89ae9dad07f2c3c4cb2b9887c14b49","To":"0xae7f01e1eb9a9e2647772d8405d960b4d244df22"}'
2018-10-19 16:33:06  [ http-nio-8080-exec-4:111734 ] - [ DEBUG ]  [RESPONSE] {
  "Code": -1016,
  "Status": "INVOKE_CONTRACT_FAILED",
  "TxHash": "",
  "ContractAddress": "",
  "Ret": ""
}
2018-10-19 16:39:01  [ http-nio-8080-exec-7:1 ] - [ DEBUG ]  [REQUEST] {"Const":false,"From":"9d72420fcd89ae9dad07f2c3c4cb2b9887c14b49","Payload":"0x82ea84a3","To":"0xae7f01e1eb9a9e2647772d8405d960b4d244df22"}
2018-10-19 16:39:01  [ http-nio-8080-exec-7:6 ] - [ DEBUG ]  [REQUEST] CURL： curl -X POST --head '{"Const":false,"From":"9d72420fcd89ae9dad07f2c3c4cb2b9887c14b49","Payload":"0x82ea84a3","To":"0xae7f01e1eb9a9e2647772d8405d960b4d244df22"}'
2018-10-19 16:39:06  [ http-nio-8080-exec-7:5116 ] - [ DEBUG ]  [RESPONSE] {
  "Code": 0,
  "Status": "ok",
  "TxHash": "0x5c7e885a3852fd65800fc9d82b826ff655e3bc9d8366139d07fc57c939230b56",
  "ContractAddress": "0x0000000000000000000000000000000000000000",
  "Ret": "0x0000000000000000000000000000000000000000000000000000000000000000"
}
2018-10-19 16:44:03  [ http-nio-8080-exec-1:0 ] - [ DEBUG ]  [REQUEST] {"Const":false,"From":"9d72420fcd89ae9dad07f2c3c4cb2b9887c14b49","Payload":"0xaecf21490000000000000000000000000000000000000000000000000000000000000001000000000000000000000000000000000000000000000000000000000000006f","To":"0xae7f01e1eb9a9e2647772d8405d960b4d244df22"}
2018-10-19 16:44:03  [ http-nio-8080-exec-1:7 ] - [ DEBUG ]  [REQUEST] CURL： curl -X POST --head '{"Const":false,"From":"9d72420fcd89ae9dad07f2c3c4cb2b9887c14b49","Payload":"0xaecf21490000000000000000000000000000000000000000000000000000000000000001000000000000000000000000000000000000000000000000000000000000006f","To":"0xae7f01e1eb9a9e2647772d8405d960b4d244df22"}'
2018-10-19 16:44:05  [ http-nio-8080-exec-1:1892 ] - [ DEBUG ]  [RESPONSE] {
  "Code": 0,
  "Status": "ok",
  "TxHash": "0xa47d5d62daf9b492ea55721340f879ce5bae4f744482e629e0babc220d6ecad7",
  "ContractAddress": "0x0000000000000000000000000000000000000000",
  "Ret": "0x0"
}
2018-10-19 16:47:50  [ http-nio-8080-exec-7:0 ] - [ DEBUG ]  [REQUEST] {"Const":false,"From":"9d72420fcd89ae9dad07f2c3c4cb2b9887c14b49","Payload":"0x82ea84a3","To":"0xae7f01e1eb9a9e2647772d8405d960b4d244df22"}
2018-10-19 16:47:50  [ http-nio-8080-exec-7:10 ] - [ DEBUG ]  [REQUEST] CURL： curl -X POST --head '{"Const":false,"From":"9d72420fcd89ae9dad07f2c3c4cb2b9887c14b49","Payload":"0x82ea84a3","To":"0xae7f01e1eb9a9e2647772d8405d960b4d244df22"}'
2018-10-19 16:47:56  [ http-nio-8080-exec-7:6397 ] - [ DEBUG ]  [RESPONSE] {
  "Code": 0,
  "Status": "ok",
  "TxHash": "0x259bd8f583f0e6d7077a7ea624f54ee634ebb9267e361be9e17b0bdc6c772cee",
  "ContractAddress": "0x0000000000000000000000000000000000000000",
  "Ret": "0x000000000000000000000000000000000000000000000000000000000000006f"
}
2018-10-19 16:48:25  [ http-nio-8080-exec-8:34784 ] - [ DEBUG ]  [REQUEST] {"Const":false,"From":"9d72420fcd89ae9dad07f2c3c4cb2b9887c14b49","Payload":"0xd39622390000000000000000000000000000000000000000000000000000000000000001","To":"0xae7f01e1eb9a9e2647772d8405d960b4d244df22"}
2018-10-19 16:48:25  [ http-nio-8080-exec-8:34787 ] - [ DEBUG ]  [REQUEST] CURL： curl -X POST --head '{"Const":false,"From":"9d72420fcd89ae9dad07f2c3c4cb2b9887c14b49","Payload":"0xd39622390000000000000000000000000000000000000000000000000000000000000001","To":"0xae7f01e1eb9a9e2647772d8405d960b4d244df22"}'
2018-10-19 16:48:28  [ http-nio-8080-exec-8:38321 ] - [ DEBUG ]  [RESPONSE] {
  "Code": 0,
  "Status": "ok",
  "TxHash": "0x0ffc28b12e1dd02153d9f784f07713f9faab0b4e23c8cb89572bf7e1b5ac6dde",
  "ContractAddress": "0x0000000000000000000000000000000000000000",
  "Ret": "0x00000000000000000000000000000000000000000000000000000000000000013100000000000000000000000000000000000000000000000000000000000000"
}
2018-10-19 16:48:32  [ http-nio-8080-exec-9:42148 ] - [ DEBUG ]  [REQUEST] {"Const":false,"From":"9d72420fcd89ae9dad07f2c3c4cb2b9887c14b49","Payload":"0xd39622390000000000000000000000000000000000000000000000000000000000000001","To":"0xae7f01e1eb9a9e2647772d8405d960b4d244df22"}
2018-10-19 16:48:32  [ http-nio-8080-exec-9:42150 ] - [ DEBUG ]  [REQUEST] CURL： curl -X POST --head '{"Const":false,"From":"9d72420fcd89ae9dad07f2c3c4cb2b9887c14b49","Payload":"0xd39622390000000000000000000000000000000000000000000000000000000000000001","To":"0xae7f01e1eb9a9e2647772d8405d960b4d244df22"}'
2018-10-19 16:48:35  [ http-nio-8080-exec-9:45063 ] - [ DEBUG ]  [RESPONSE] {
  "Code": 0,
  "Status": "ok",
  "TxHash": "0x8d323c4b457673dc00eadc2b2846528ff032ed8c12708b272bcfa221f923e8a4",
  "ContractAddress": "0x0000000000000000000000000000000000000000",
  "Ret": "0x00000000000000000000000000000000000000000000000000000000000000013100000000000000000000000000000000000000000000000000000000000000"
}
2018-10-19 16:48:40  [ http-nio-8080-exec-1:49645 ] - [ DEBUG ]  [REQUEST] {"Const":false,"From":"9d72420fcd89ae9dad07f2c3c4cb2b9887c14b49","Payload":"0xd39622390000000000000000000000000000000000000000000000000000000000000001","To":"0xae7f01e1eb9a9e2647772d8405d960b4d244df22"}
2018-10-19 16:48:40  [ http-nio-8080-exec-1:49655 ] - [ DEBUG ]  [REQUEST] CURL： curl -X POST --head '{"Const":false,"From":"9d72420fcd89ae9dad07f2c3c4cb2b9887c14b49","Payload":"0xd39622390000000000000000000000000000000000000000000000000000000000000001","To":"0xae7f01e1eb9a9e2647772d8405d960b4d244df22"}'
2018-10-19 16:48:41  [ http-nio-8080-exec-1:51268 ] - [ DEBUG ]  [RESPONSE] {
  "Code": 0,
  "Status": "ok",
  "TxHash": "0xf9a409b955caeddfaa2cdccdaa0cbd6c3ffd377644bbeab7b3be6e49a5ea1988",
  "ContractAddress": "0x0000000000000000000000000000000000000000",
  "Ret": "0x00000000000000000000000000000000000000000000000000000000000000013100000000000000000000000000000000000000000000000000000000000000"
}
2018-10-19 16:49:13  [ http-nio-8080-exec-2:82603 ] - [ DEBUG ]  [REQUEST] {"Const":false,"From":"9d72420fcd89ae9dad07f2c3c4cb2b9887c14b49","Payload":"0x36eed01f0000000000000000000000000000000000000000000000000000000000000001","To":"0xae7f01e1eb9a9e2647772d8405d960b4d244df22"}
2018-10-19 16:49:13  [ http-nio-8080-exec-2:82603 ] - [ DEBUG ]  [REQUEST] CURL： curl -X POST --head '{"Const":false,"From":"9d72420fcd89ae9dad07f2c3c4cb2b9887c14b49","Payload":"0x36eed01f0000000000000000000000000000000000000000000000000000000000000001","To":"0xae7f01e1eb9a9e2647772d8405d960b4d244df22"}'
2018-10-19 16:49:14  [ http-nio-8080-exec-2:83892 ] - [ DEBUG ]  [RESPONSE] {
  "Code": 0,
  "Status": "ok",
  "TxHash": "0x10b35e3ea688f891d8804461f1aaf26d70591b1d565973176c78953af93f0eca",
  "ContractAddress": "0x0000000000000000000000000000000000000000",
  "Ret": "0x000000000000000000000000000000000000000000000000000000000000006f"
}
2018-10-19 16:49:23  [ http-nio-8080-exec-3:92900 ] - [ DEBUG ]  [REQUEST] {"Const":false,"From":"9d72420fcd89ae9dad07f2c3c4cb2b9887c14b49","Payload":"0x36eed01f0000000000000000000000000000000000000000000000000000000000000002","To":"0xae7f01e1eb9a9e2647772d8405d960b4d244df22"}
2018-10-19 16:49:23  [ http-nio-8080-exec-3:92904 ] - [ DEBUG ]  [REQUEST] CURL： curl -X POST --head '{"Const":false,"From":"9d72420fcd89ae9dad07f2c3c4cb2b9887c14b49","Payload":"0x36eed01f0000000000000000000000000000000000000000000000000000000000000002","To":"0xae7f01e1eb9a9e2647772d8405d960b4d244df22"}'
2018-10-19 16:49:27  [ http-nio-8080-exec-3:96874 ] - [ DEBUG ]  [RESPONSE] {
  "Code": 0,
  "Status": "ok",
  "TxHash": "0x8084be014e70eb6f2e5069e6a7c7a47e54c580f879ddb02e1441ab46ccc618e3",
  "ContractAddress": "0x0000000000000000000000000000000000000000",
  "Ret": "0x0000000000000000000000000000000000000000000000000000000000000000"
}
2018-10-19 16:49:57  [ http-nio-8080-exec-5:126943 ] - [ DEBUG ]  [REQUEST] {"Const":false,"From":"9d72420fcd89ae9dad07f2c3c4cb2b9887c14b49","Payload":"0xb95da53300000000000000000000000000000000000000000000000000000000000000023200000000000000000000000000000000000000000000000000000000000000","To":"0xae7f01e1eb9a9e2647772d8405d960b4d244df22"}
2018-10-19 16:49:57  [ http-nio-8080-exec-5:126945 ] - [ DEBUG ]  [REQUEST] CURL： curl -X POST --head '{"Const":false,"From":"9d72420fcd89ae9dad07f2c3c4cb2b9887c14b49","Payload":"0xb95da53300000000000000000000000000000000000000000000000000000000000000023200000000000000000000000000000000000000000000000000000000000000","To":"0xae7f01e1eb9a9e2647772d8405d960b4d244df22"}'
2018-10-19 16:50:01  [ http-nio-8080-exec-5:131264 ] - [ DEBUG ]  [RESPONSE] {
  "Code": 0,
  "Status": "ok",
  "TxHash": "0xb68b7fb2d7466ae846a4225bc83cc73613a8ee33529acb0959ab1b5259cf0149",
  "ContractAddress": "0x0000000000000000000000000000000000000000",
  "Ret": "0x0"
}
2018-10-19 16:50:23  [ http-nio-8080-exec-4:152812 ] - [ DEBUG ]  [REQUEST] {"Const":false,"From":"9d72420fcd89ae9dad07f2c3c4cb2b9887c14b49","Payload":"0x36eed01f0000000000000000000000000000000000000000000000000000000000000002","To":"0xae7f01e1eb9a9e2647772d8405d960b4d244df22"}
2018-10-19 16:50:23  [ http-nio-8080-exec-4:152816 ] - [ DEBUG ]  [REQUEST] CURL： curl -X POST --head '{"Const":false,"From":"9d72420fcd89ae9dad07f2c3c4cb2b9887c14b49","Payload":"0x36eed01f0000000000000000000000000000000000000000000000000000000000000002","To":"0xae7f01e1eb9a9e2647772d8405d960b4d244df22"}'
2018-10-19 16:50:24  [ http-nio-8080-exec-4:154442 ] - [ DEBUG ]  [RESPONSE] {
  "Code": 0,
  "Status": "ok",
  "TxHash": "0x88c2fb185dc7b6032ee2e9f4bae1bd9a118752d75e81ee2a360da9e91290f7be",
  "ContractAddress": "0x0000000000000000000000000000000000000000",
  "Ret": "0x0000000000000000000000000000000000000000000000000000000000000000"
}
2018-10-19 16:50:44  [ http-nio-8080-exec-6:173901 ] - [ DEBUG ]  [REQUEST] {"Const":false,"From":"9d72420fcd89ae9dad07f2c3c4cb2b9887c14b49","Payload":"0x87ab840300000000000000000000000000000000000000000000000000000000000000000000000000000000000000009d72420fcd89ae9dad07f2c3c4cb2b9887c14b490000000000000000000000000000000000000000000000000000000000000002000000000000000000000000000000000000000000000000000000000000000b","To":"0xae7f01e1eb9a9e2647772d8405d960b4d244df22"}
2018-10-19 16:50:44  [ http-nio-8080-exec-6:173902 ] - [ DEBUG ]  [REQUEST] CURL： curl -X POST --head '{"Const":false,"From":"9d72420fcd89ae9dad07f2c3c4cb2b9887c14b49","Payload":"0x87ab840300000000000000000000000000000000000000000000000000000000000000000000000000000000000000009d72420fcd89ae9dad07f2c3c4cb2b9887c14b490000000000000000000000000000000000000000000000000000000000000002000000000000000000000000000000000000000000000000000000000000000b","To":"0xae7f01e1eb9a9e2647772d8405d960b4d244df22"}'
2018-10-19 16:50:46  [ http-nio-8080-exec-6:175911 ] - [ DEBUG ]  [RESPONSE] {
  "Code": 0,
  "Status": "ok",
  "TxHash": "0xb5ac7eafcbaf390e9b860c04e3058275696c7ec1ad10d862922774d7989e66f4",
  "ContractAddress": "0x0000000000000000000000000000000000000000",
  "Ret": "0x0"
}
2018-10-19 16:50:50  [ http-nio-8080-exec-7:180563 ] - [ DEBUG ]  [REQUEST] {"Const":false,"From":"9d72420fcd89ae9dad07f2c3c4cb2b9887c14b49","Payload":"0x36eed01f0000000000000000000000000000000000000000000000000000000000000002","To":"0xae7f01e1eb9a9e2647772d8405d960b4d244df22"}
2018-10-19 16:50:50  [ http-nio-8080-exec-7:180566 ] - [ DEBUG ]  [REQUEST] CURL： curl -X POST --head '{"Const":false,"From":"9d72420fcd89ae9dad07f2c3c4cb2b9887c14b49","Payload":"0x36eed01f0000000000000000000000000000000000000000000000000000000000000002","To":"0xae7f01e1eb9a9e2647772d8405d960b4d244df22"}'
2018-10-19 16:50:53  [ http-nio-8080-exec-7:183158 ] - [ DEBUG ]  [RESPONSE] {
  "Code": 0,
  "Status": "ok",
  "TxHash": "0xebf08ec414eff4f0dcde91322e1406c9336532cce1d54ee3465dbc71552d4cec",
  "ContractAddress": "0x0000000000000000000000000000000000000000",
  "Ret": "0x0000000000000000000000000000000000000000000000000000000000000000"
}
2018-10-19 17:00:56  [ http-nio-8080-exec-7:0 ] - [ DEBUG ]  [REQUEST] {"Const":false,"From":"9d72420fcd89ae9dad07f2c3c4cb2b9887c14b49","Payload":"0x87ab8403000000000000000000000000000000000000000000000000000000000000000000000000000000000000000000000000000000000000000000000000000000010000000000000000000000000000000000000000000000000000000000000002000000000000000000000000000000000000000000000000000000000000000b","To":"0xae7f01e1eb9a9e2647772d8405d960b4d244df22"}
2018-10-19 17:00:56  [ http-nio-8080-exec-7:5 ] - [ DEBUG ]  [REQUEST] CURL： curl -X POST --head '{"Const":false,"From":"9d72420fcd89ae9dad07f2c3c4cb2b9887c14b49","Payload":"0x87ab8403000000000000000000000000000000000000000000000000000000000000000000000000000000000000000000000000000000000000000000000000000000010000000000000000000000000000000000000000000000000000000000000002000000000000000000000000000000000000000000000000000000000000000b","To":"0xae7f01e1eb9a9e2647772d8405d960b4d244df22"}'
2018-10-19 17:01:05  [ http-nio-8080-exec-7:8940 ] - [ DEBUG ]  [RESPONSE] {
  "Code": 0,
  "Status": "ok",
  "TxHash": "0x73463eca4c9c804e8ad6c14456d6524a093ae44dd07183ce761e67f9c88b7ed6",
  "ContractAddress": "0x0000000000000000000000000000000000000000",
  "Ret": "0x0"
}
2018-10-19 17:01:19  [ http-nio-8080-exec-8:22692 ] - [ DEBUG ]  [REQUEST] {"Const":false,"From":"9d72420fcd89ae9dad07f2c3c4cb2b9887c14b49","Payload":"0x36eed01f0000000000000000000000000000000000000000000000000000000000000002","To":"0xae7f01e1eb9a9e2647772d8405d960b4d244df22"}
2018-10-19 17:01:19  [ http-nio-8080-exec-8:22699 ] - [ DEBUG ]  [REQUEST] CURL： curl -X POST --head '{"Const":false,"From":"9d72420fcd89ae9dad07f2c3c4cb2b9887c14b49","Payload":"0x36eed01f0000000000000000000000000000000000000000000000000000000000000002","To":"0xae7f01e1eb9a9e2647772d8405d960b4d244df22"}'
2018-10-19 17:01:21  [ http-nio-8080-exec-8:24874 ] - [ DEBUG ]  [RESPONSE] {
  "Code": 0,
  "Status": "ok",
  "TxHash": "0x50a642ac5d73be1c50c10538a9ed59a146676ecc14e0663e9bbfc2b04224c89a",
  "ContractAddress": "0x0000000000000000000000000000000000000000",
  "Ret": "0x000000000000000000000000000000000000000000000000000000000000000b"
}
2018-10-19 17:01:26  [ http-nio-8080-exec-9:30002 ] - [ DEBUG ]  [REQUEST] {"Const":false,"From":"9d72420fcd89ae9dad07f2c3c4cb2b9887c14b49","Payload":"0x36eed01f0000000000000000000000000000000000000000000000000000000000000001","To":"0xae7f01e1eb9a9e2647772d8405d960b4d244df22"}
2018-10-19 17:01:26  [ http-nio-8080-exec-9:30002 ] - [ DEBUG ]  [REQUEST] CURL： curl -X POST --head '{"Const":false,"From":"9d72420fcd89ae9dad07f2c3c4cb2b9887c14b49","Payload":"0x36eed01f0000000000000000000000000000000000000000000000000000000000000001","To":"0xae7f01e1eb9a9e2647772d8405d960b4d244df22"}'
2018-10-19 17:01:29  [ http-nio-8080-exec-9:33454 ] - [ DEBUG ]  [RESPONSE] {
  "Code": 0,
  "Status": "ok",
  "TxHash": "0x3299c0cdb3f27209eb810fb5344cc302628de0368e8734e157cbc4ee3577bc72",
  "ContractAddress": "0x0000000000000000000000000000000000000000",
  "Ret": "0x0000000000000000000000000000000000000000000000000000000000000064"
}
2018-10-19 17:01:55  [ http-nio-8080-exec-1:59086 ] - [ DEBUG ]  [REQUEST] {"Const":false,"From":"9d72420fcd89ae9dad07f2c3c4cb2b9887c14b49","Payload":"0x1e33661000000000000000000000000000000000000000000000000000000000000000023200000000000000000000000000000000000000000000000000000000000000","To":"0xae7f01e1eb9a9e2647772d8405d960b4d244df22"}
2018-10-19 17:01:55  [ http-nio-8080-exec-1:59086 ] - [ DEBUG ]  [REQUEST] CURL： curl -X POST --head '{"Const":false,"From":"9d72420fcd89ae9dad07f2c3c4cb2b9887c14b49","Payload":"0x1e33661000000000000000000000000000000000000000000000000000000000000000023200000000000000000000000000000000000000000000000000000000000000","To":"0xae7f01e1eb9a9e2647772d8405d960b4d244df22"}'
2018-10-19 17:01:56  [ http-nio-8080-exec-1:60228 ] - [ DEBUG ]  [RESPONSE] {
  "Code": -1016,
  "Status": "INVOKE_CONTRACT_FAILED",
  "TxHash": "",
  "ContractAddress": "",
  "Ret": ""
}
2018-10-19 17:04:37  [ http-nio-8080-exec-1:0 ] - [ DEBUG ]  [REQUEST] {"Const":false,"From":"9d72420fcd89ae9dad07f2c3c4cb2b9887c14b49","Payload":"0xeee02e610000000000000000000000000000000000000000000000000000000000000002","To":"0xae7f01e1eb9a9e2647772d8405d960b4d244df22"}
2018-10-19 17:04:37  [ http-nio-8080-exec-1:8 ] - [ DEBUG ]  [REQUEST] CURL： curl -X POST --head '{"Const":false,"From":"9d72420fcd89ae9dad07f2c3c4cb2b9887c14b49","Payload":"0xeee02e610000000000000000000000000000000000000000000000000000000000000002","To":"0xae7f01e1eb9a9e2647772d8405d960b4d244df22"}'
2018-10-19 17:04:39  [ http-nio-8080-exec-1:1899 ] - [ DEBUG ]  [RESPONSE] {
  "Code": 0,
  "Status": "ok",
  "TxHash": "0xdd0ebeea8afbf056ed172ce8fc83486dbe47358f3d41cb55a71bbd000cb8645a",
  "ContractAddress": "0x0000000000000000000000000000000000000000",
  "Ret": "0x00000000000000000000000000000000000000000000000000000000000000000000000000000000000000000000000000000000000000000000000000000000"
}
2018-10-19 17:05:05  [ http-nio-8080-exec-2:28713 ] - [ DEBUG ]  [REQUEST] {"Const":false,"From":"9d72420fcd89ae9dad07f2c3c4cb2b9887c14b49","Payload":"0xb35b34e400000000000000000000000000000000000000000000000000000000000000013100000000000000000000000000000000000000000000000000000000000000","To":"0xae7f01e1eb9a9e2647772d8405d960b4d244df22"}
2018-10-19 17:05:05  [ http-nio-8080-exec-2:28735 ] - [ DEBUG ]  [REQUEST] CURL： curl -X POST --head '{"Const":false,"From":"9d72420fcd89ae9dad07f2c3c4cb2b9887c14b49","Payload":"0xb35b34e400000000000000000000000000000000000000000000000000000000000000013100000000000000000000000000000000000000000000000000000000000000","To":"0xae7f01e1eb9a9e2647772d8405d960b4d244df22"}'
2018-10-19 17:05:07  [ http-nio-8080-exec-2:30043 ] - [ DEBUG ]  [RESPONSE] {
  "Code": 0,
  "Status": "ok",
  "TxHash": "0x610076a87a06b07006c7d1ee9770f29ab0a7840b0bcf0b104fe6bdb699ae99ac",
  "ContractAddress": "0x0000000000000000000000000000000000000000",
  "Ret": "0x0"
}
2018-10-19 17:05:11  [ http-nio-8080-exec-3:33875 ] - [ DEBUG ]  [REQUEST] {"Const":false,"From":"9d72420fcd89ae9dad07f2c3c4cb2b9887c14b49","Payload":"0xb35b34e400000000000000000000000000000000000000000000000000000000000000023200000000000000000000000000000000000000000000000000000000000000","To":"0xae7f01e1eb9a9e2647772d8405d960b4d244df22"}
2018-10-19 17:05:11  [ http-nio-8080-exec-3:33876 ] - [ DEBUG ]  [REQUEST] CURL： curl -X POST --head '{"Const":false,"From":"9d72420fcd89ae9dad07f2c3c4cb2b9887c14b49","Payload":"0xb35b34e400000000000000000000000000000000000000000000000000000000000000023200000000000000000000000000000000000000000000000000000000000000","To":"0xae7f01e1eb9a9e2647772d8405d960b4d244df22"}'
2018-10-19 17:05:12  [ http-nio-8080-exec-3:35226 ] - [ DEBUG ]  [RESPONSE] {
  "Code": 0,
  "Status": "ok",
  "TxHash": "0xa1a3a494ad0e822bdbf493cc045ed83c5d7785c54531b1d2f92afafebe84fab0",
  "ContractAddress": "0x0000000000000000000000000000000000000000",
  "Ret": "0x0"
}
2018-10-19 17:05:32  [ http-nio-8080-exec-4:55841 ] - [ DEBUG ]  [REQUEST] {"Const":false,"From":"9d72420fcd89ae9dad07f2c3c4cb2b9887c14b49","Payload":"0xeee02e610000000000000000000000000000000000000000000000000000000000000002","To":"0xae7f01e1eb9a9e2647772d8405d960b4d244df22"}
2018-10-19 17:05:32  [ http-nio-8080-exec-4:55842 ] - [ DEBUG ]  [REQUEST] CURL： curl -X POST --head '{"Const":false,"From":"9d72420fcd89ae9dad07f2c3c4cb2b9887c14b49","Payload":"0xeee02e610000000000000000000000000000000000000000000000000000000000000002","To":"0xae7f01e1eb9a9e2647772d8405d960b4d244df22"}'
2018-10-19 17:05:34  [ http-nio-8080-exec-4:57082 ] - [ DEBUG ]  [RESPONSE] {
  "Code": 0,
  "Status": "ok",
  "TxHash": "0x6cc7a369504f388d886a998afc8f99d8fbee06177b90bda4c085aeb485f15f10",
  "ContractAddress": "0x0000000000000000000000000000000000000000",
  "Ret": "0x00000000000000000000000000000000000000000000000000000000000000013200000000000000000000000000000000000000000000000000000000000000"
}
2018-10-19 17:05:51  [ http-nio-8080-exec-5:73859 ] - [ DEBUG ]  [REQUEST] {"Const":false,"From":"9d72420fcd89ae9dad07f2c3c4cb2b9887c14b49","Payload":"0xeee02e610000000000000000000000000000000000000000000000000000000000000001","To":"0xae7f01e1eb9a9e2647772d8405d960b4d244df22"}
2018-10-19 17:05:51  [ http-nio-8080-exec-5:73859 ] - [ DEBUG ]  [REQUEST] CURL： curl -X POST --head '{"Const":false,"From":"9d72420fcd89ae9dad07f2c3c4cb2b9887c14b49","Payload":"0xeee02e610000000000000000000000000000000000000000000000000000000000000001","To":"0xae7f01e1eb9a9e2647772d8405d960b4d244df22"}'
2018-10-19 17:05:52  [ http-nio-8080-exec-5:75136 ] - [ DEBUG ]  [RESPONSE] {
  "Code": 0,
  "Status": "ok",
  "TxHash": "0x7da72c50af5d584a166fd9ffbf2d0cf58f8aae0ff8f4b8cc4c01ac340905f33c",
  "ContractAddress": "0x0000000000000000000000000000000000000000",
  "Ret": "0x00000000000000000000000000000000000000000000000000000000000000013100000000000000000000000000000000000000000000000000000000000000"
}
2018-10-19 17:07:21  [ http-nio-8080-exec-1:0 ] - [ DEBUG ]  [REQUEST] {"Const":false,"From":"9d72420fcd89ae9dad07f2c3c4cb2b9887c14b49","Payload":"0xeee02e610000000000000000000000000000000000000000000000000000000000000001","To":"0xae7f01e1eb9a9e2647772d8405d960b4d244df22"}
2018-10-19 17:07:21  [ http-nio-8080-exec-1:7 ] - [ DEBUG ]  [REQUEST] CURL： curl -X POST --head '{"Const":false,"From":"9d72420fcd89ae9dad07f2c3c4cb2b9887c14b49","Payload":"0xeee02e610000000000000000000000000000000000000000000000000000000000000001","To":"0xae7f01e1eb9a9e2647772d8405d960b4d244df22"}'
2018-10-19 17:07:30  [ http-nio-8080-exec-1:9367 ] - [ DEBUG ]  [RESPONSE] {
  "Code": 0,
  "Status": "ok",
  "TxHash": "0xc8bac10ec36351f93ba136b62981439b12a51f604439e61fe74294d3189d6029",
  "ContractAddress": "0x0000000000000000000000000000000000000000",
  "Ret": "0x00000000000000000000000000000000000000000000000000000000000000013100000000000000000000000000000000000000000000000000000000000000"
}
2018-10-19 17:07:49  [ http-nio-8080-exec-2:28315 ] - [ DEBUG ]  [REQUEST] {"Const":false,"From":"9d72420fcd89ae9dad07f2c3c4cb2b9887c14b49","Payload":"0x58d7fa690000000000000000000000000000000000000000000000000000000000000001","To":"0xae7f01e1eb9a9e2647772d8405d960b4d244df22"}
2018-10-19 17:07:49  [ http-nio-8080-exec-2:28317 ] - [ DEBUG ]  [REQUEST] CURL： curl -X POST --head '{"Const":false,"From":"9d72420fcd89ae9dad07f2c3c4cb2b9887c14b49","Payload":"0x58d7fa690000000000000000000000000000000000000000000000000000000000000001","To":"0xae7f01e1eb9a9e2647772d8405d960b4d244df22"}'
2018-10-19 17:07:54  [ http-nio-8080-exec-2:32747 ] - [ DEBUG ]  [RESPONSE] {
  "Code": 0,
  "Status": "ok",
  "TxHash": "0xfb20e631669fb83cf96a0d6d926783892665bad4b3a20ffd6576b9fca936852f",
  "ContractAddress": "0x0000000000000000000000000000000000000000",
  "Ret": "0x0000000000000000000000000000000000000000000000000000000000000000"
}
2018-10-19 17:08:24  [ http-nio-8080-exec-3:62886 ] - [ DEBUG ]  [REQUEST] {"Const":false,"From":"9d72420fcd89ae9dad07f2c3c4cb2b9887c14b49","Payload":"0x0823c5a100000000000000000000000000000000000000000000000000000000000000013130303836000000000000000000000000000000000000000000000000000000000000000000000000000000000000000000000000000000000000000000000a","To":"0xae7f01e1eb9a9e2647772d8405d960b4d244df22"}
2018-10-19 17:08:24  [ http-nio-8080-exec-3:62887 ] - [ DEBUG ]  [REQUEST] CURL： curl -X POST --head '{"Const":false,"From":"9d72420fcd89ae9dad07f2c3c4cb2b9887c14b49","Payload":"0x0823c5a100000000000000000000000000000000000000000000000000000000000000013130303836000000000000000000000000000000000000000000000000000000000000000000000000000000000000000000000000000000000000000000000a","To":"0xae7f01e1eb9a9e2647772d8405d960b4d244df22"}'
2018-10-19 17:08:28  [ http-nio-8080-exec-3:67440 ] - [ DEBUG ]  [RESPONSE] {
  "Code": -1016,
  "Status": "INVOKE_CONTRACT_FAILED",
  "TxHash": "",
  "ContractAddress": "",
  "Ret": ""
}
2018-10-19 17:09:59  [ http-nio-8080-exec-1:0 ] - [ DEBUG ]  [REQUEST] {"Const":false,"From":"9d72420fcd89ae9dad07f2c3c4cb2b9887c14b49","Payload":"0x63521bbf00000000000000000000000000000000000000000000000000000000000000013130303836000000000000000000000000000000000000000000000000000000000000000000000000000000000000000000000000000000000000000000000a","To":"0xae7f01e1eb9a9e2647772d8405d960b4d244df22"}
2018-10-19 17:09:59  [ http-nio-8080-exec-1:7 ] - [ DEBUG ]  [REQUEST] CURL： curl -X POST --head '{"Const":false,"From":"9d72420fcd89ae9dad07f2c3c4cb2b9887c14b49","Payload":"0x63521bbf00000000000000000000000000000000000000000000000000000000000000013130303836000000000000000000000000000000000000000000000000000000000000000000000000000000000000000000000000000000000000000000000a","To":"0xae7f01e1eb9a9e2647772d8405d960b4d244df22"}'
2018-10-19 17:10:06  [ http-nio-8080-exec-1:7498 ] - [ DEBUG ]  [RESPONSE] {
  "Code": 0,
  "Status": "ok",
  "TxHash": "0x6108357bb68c8ca1319213f549f86874f2538ddeec0d01eabc0fae50e67346ef",
  "ContractAddress": "0x0000000000000000000000000000000000000000",
  "Ret": "0x0"
}
2018-10-19 17:11:28  [ http-nio-8080-exec-3:89209 ] - [ DEBUG ]  [REQUEST] {"Const":false,"From":"9d72420fcd89ae9dad07f2c3c4cb2b9887c14b49","Payload":"0xab8c0ec800000000000000000000000000000000000000000000000000000000000000113130303836000000000000000000000000000000000000000000000000000000","To":"0xae7f01e1eb9a9e2647772d8405d960b4d244df22"}
2018-10-19 17:11:28  [ http-nio-8080-exec-3:89211 ] - [ DEBUG ]  [REQUEST] CURL： curl -X POST --head '{"Const":false,"From":"9d72420fcd89ae9dad07f2c3c4cb2b9887c14b49","Payload":"0xab8c0ec800000000000000000000000000000000000000000000000000000000000000113130303836000000000000000000000000000000000000000000000000000000","To":"0xae7f01e1eb9a9e2647772d8405d960b4d244df22"}'
2018-10-19 17:11:30  [ http-nio-8080-exec-3:91001 ] - [ DEBUG ]  [RESPONSE] {
  "Code": 0,
  "Status": "ok",
  "TxHash": "0xd7819422135a3b89a5886ea6e116d79f099ffde30e472a345d2b60267c2d73d9",
  "ContractAddress": "0x0000000000000000000000000000000000000000",
  "Ret": "0x0"
}
2018-10-19 17:11:40  [ http-nio-8080-exec-4:101561 ] - [ DEBUG ]  [REQUEST] {"Const":false,"From":"9d72420fcd89ae9dad07f2c3c4cb2b9887c14b49","Payload":"0x36eed01f0000000000000000000000000000000000000000000000000000000000000001","To":"0xae7f01e1eb9a9e2647772d8405d960b4d244df22"}
2018-10-19 17:11:40  [ http-nio-8080-exec-4:101565 ] - [ DEBUG ]  [REQUEST] CURL： curl -X POST --head '{"Const":false,"From":"9d72420fcd89ae9dad07f2c3c4cb2b9887c14b49","Payload":"0x36eed01f0000000000000000000000000000000000000000000000000000000000000001","To":"0xae7f01e1eb9a9e2647772d8405d960b4d244df22"}'
2018-10-19 17:11:43  [ http-nio-8080-exec-4:104049 ] - [ DEBUG ]  [RESPONSE] {
  "Code": 0,
  "Status": "ok",
  "TxHash": "0xa28e334bc3d3d41c0e8a72112035979403ef7011bec5ceb1114b4cbb39338a2a",
  "ContractAddress": "0x0000000000000000000000000000000000000000",
  "Ret": "0x0000000000000000000000000000000000000000000000000000000000000064"
}
2018-10-19 17:11:59  [ http-nio-8080-exec-5:120317 ] - [ DEBUG ]  [REQUEST] {"Const":false,"From":"9d72420fcd89ae9dad07f2c3c4cb2b9887c14b49","Payload":"0xb35b34e400000000000000000000000000000000000000000000000000000000000001113131310000000000000000000000000000000000000000000000000000000000","To":"0xae7f01e1eb9a9e2647772d8405d960b4d244df22"}
2018-10-19 17:11:59  [ http-nio-8080-exec-5:120317 ] - [ DEBUG ]  [REQUEST] CURL： curl -X POST --head '{"Const":false,"From":"9d72420fcd89ae9dad07f2c3c4cb2b9887c14b49","Payload":"0xb35b34e400000000000000000000000000000000000000000000000000000000000001113131310000000000000000000000000000000000000000000000000000000000","To":"0xae7f01e1eb9a9e2647772d8405d960b4d244df22"}'
2018-10-19 17:12:00  [ http-nio-8080-exec-5:121645 ] - [ DEBUG ]  [RESPONSE] {
  "Code": 0,
  "Status": "ok",
  "TxHash": "0xbe91133063ab5b2ac8458a147581c4e1040f22bf07e9bc2b56f9e36c369b65e3",
  "ContractAddress": "0x0000000000000000000000000000000000000000",
  "Ret": "0x0"
}
2018-10-19 17:12:11  [ http-nio-8080-exec-6:132036 ] - [ DEBUG ]  [REQUEST] {"Const":false,"From":"9d72420fcd89ae9dad07f2c3c4cb2b9887c14b49","Payload":"0x63521bbf00000000000000000000000000000000000000000000000000000000000001113130303836000000000000000000000000000000000000000000000000000000000000000000000000000000000000000000000000000000000000000000000a","To":"0xae7f01e1eb9a9e2647772d8405d960b4d244df22"}
2018-10-19 17:12:11  [ http-nio-8080-exec-6:132036 ] - [ DEBUG ]  [REQUEST] CURL： curl -X POST --head '{"Const":false,"From":"9d72420fcd89ae9dad07f2c3c4cb2b9887c14b49","Payload":"0x63521bbf00000000000000000000000000000000000000000000000000000000000001113130303836000000000000000000000000000000000000000000000000000000000000000000000000000000000000000000000000000000000000000000000a","To":"0xae7f01e1eb9a9e2647772d8405d960b4d244df22"}'
2018-10-19 17:12:13  [ http-nio-8080-exec-6:134604 ] - [ DEBUG ]  [RESPONSE] {
  "Code": 0,
  "Status": "ok",
  "TxHash": "0xaad6efc206bf987a2f43c3515d85fdb6404f400222da8fde77db14488bf499b5",
  "ContractAddress": "0x0000000000000000000000000000000000000000",
  "Ret": "0x0"
}
2018-10-19 17:12:37  [ http-nio-8080-exec-7:158521 ] - [ DEBUG ]  [REQUEST] {"Const":false,"From":"9d72420fcd89ae9dad07f2c3c4cb2b9887c14b49","Payload":"0xab8c0ec800000000000000000000000000000000000000000000000000000000000000013130303836000000000000000000000000000000000000000000000000000000","To":"0xae7f01e1eb9a9e2647772d8405d960b4d244df22"}
2018-10-19 17:12:37  [ http-nio-8080-exec-7:158524 ] - [ DEBUG ]  [REQUEST] CURL： curl -X POST --head '{"Const":false,"From":"9d72420fcd89ae9dad07f2c3c4cb2b9887c14b49","Payload":"0xab8c0ec800000000000000000000000000000000000000000000000000000000000000013130303836000000000000000000000000000000000000000000000000000000","To":"0xae7f01e1eb9a9e2647772d8405d960b4d244df22"}'
2018-10-19 17:12:39  [ http-nio-8080-exec-7:160403 ] - [ DEBUG ]  [RESPONSE] {
  "Code": 0,
  "Status": "ok",
  "TxHash": "0x94172561a877bc4d76b0fe239bdabff81514579cab421fda0a4e8e19d6a1e238",
  "ContractAddress": "0x0000000000000000000000000000000000000000",
  "Ret": "0x0"
}
2018-10-19 17:12:52  [ http-nio-8080-exec-8:172979 ] - [ DEBUG ]  [REQUEST] {"Const":false,"From":"9d72420fcd89ae9dad07f2c3c4cb2b9887c14b49","Payload":"0x36eed01f0000000000000000000000000000000000000000000000000000000000000001","To":"0xae7f01e1eb9a9e2647772d8405d960b4d244df22"}
2018-10-19 17:12:52  [ http-nio-8080-exec-8:172980 ] - [ DEBUG ]  [REQUEST] CURL： curl -X POST --head '{"Const":false,"From":"9d72420fcd89ae9dad07f2c3c4cb2b9887c14b49","Payload":"0x36eed01f0000000000000000000000000000000000000000000000000000000000000001","To":"0xae7f01e1eb9a9e2647772d8405d960b4d244df22"}'
2018-10-19 17:12:53  [ http-nio-8080-exec-8:174316 ] - [ DEBUG ]  [RESPONSE] {
  "Code": 0,
  "Status": "ok",
  "TxHash": "0xb49da2c46bd13522e47c41c34c9dc6267d3e4dc1810c07b40f66786fea665fff",
  "ContractAddress": "0x0000000000000000000000000000000000000000",
  "Ret": "0x000000000000000000000000000000000000000000000000000000000000005a"
}
2018-10-19 17:13:07  [ http-nio-8080-exec-9:188610 ] - [ DEBUG ]  [REQUEST] {"Const":false,"From":"9d72420fcd89ae9dad07f2c3c4cb2b9887c14b49","Payload":"0x58d7fa690000000000000000000000000000000000000000000000000000000000000111","To":"0xae7f01e1eb9a9e2647772d8405d960b4d244df22"}
2018-10-19 17:13:07  [ http-nio-8080-exec-9:188611 ] - [ DEBUG ]  [REQUEST] CURL： curl -X POST --head '{"Const":false,"From":"9d72420fcd89ae9dad07f2c3c4cb2b9887c14b49","Payload":"0x58d7fa690000000000000000000000000000000000000000000000000000000000000111","To":"0xae7f01e1eb9a9e2647772d8405d960b4d244df22"}'
2018-10-19 17:13:09  [ http-nio-8080-exec-9:190770 ] - [ DEBUG ]  [RESPONSE] {
  "Code": 0,
  "Status": "ok",
  "TxHash": "0x580bf6cec650fa8032aecdaebee14c577d097ac62224ed1320fd2dfa60733c6f",
  "ContractAddress": "0x0000000000000000000000000000000000000000",
  "Ret": "0x0000000000000000000000000000000000000000000000000000000000000000"
}
2018-10-19 17:13:36  [ http-nio-8080-exec-10:217084 ] - [ DEBUG ]  [REQUEST] {"Const":false,"From":"9d72420fcd89ae9dad07f2c3c4cb2b9887c14b49","Payload":"0x32a841b30000000000000000000000000000000000000000000000000000000000000001","To":"0xae7f01e1eb9a9e2647772d8405d960b4d244df22"}
2018-10-19 17:13:36  [ http-nio-8080-exec-10:217088 ] - [ DEBUG ]  [REQUEST] CURL： curl -X POST --head '{"Const":false,"From":"9d72420fcd89ae9dad07f2c3c4cb2b9887c14b49","Payload":"0x32a841b30000000000000000000000000000000000000000000000000000000000000001","To":"0xae7f01e1eb9a9e2647772d8405d960b4d244df22"}'
2018-10-19 17:13:39  [ http-nio-8080-exec-10:220634 ] - [ DEBUG ]  [RESPONSE] {
  "Code": 0,
  "Status": "ok",
  "TxHash": "0x6ccb496ea8f21253e2a418240d72b72cee53bbd0f080a0bf1a5be93d196bab87",
  "ContractAddress": "0x0000000000000000000000000000000000000000",
  "Ret": "0x000000000000000000000000000000000000000000000000000000000000002000000000000000000000000000000000000000000000000000000000000000013130303836000000000000000000000000000000000000000000000000000000"
}
2018-10-19 17:14:09  [ http-nio-8080-exec-1:250007 ] - [ DEBUG ]  [REQUEST] {"Const":false,"From":"9d72420fcd89ae9dad07f2c3c4cb2b9887c14b49","Payload":"0x58d7fa690000000000000000000000000000000000000000000000000000000000000111","To":"0xae7f01e1eb9a9e2647772d8405d960b4d244df22"}
2018-10-19 17:14:09  [ http-nio-8080-exec-1:250008 ] - [ DEBUG ]  [REQUEST] CURL： curl -X POST --head '{"Const":false,"From":"9d72420fcd89ae9dad07f2c3c4cb2b9887c14b49","Payload":"0x58d7fa690000000000000000000000000000000000000000000000000000000000000111","To":"0xae7f01e1eb9a9e2647772d8405d960b4d244df22"}'
2018-10-19 17:14:10  [ http-nio-8080-exec-1:251677 ] - [ DEBUG ]  [RESPONSE] {
  "Code": 0,
  "Status": "ok",
  "TxHash": "0x0cd281a407a526cf989fa3868ba87c4d5f45098622e29db2af93c237dd8bfd59",
  "ContractAddress": "0x0000000000000000000000000000000000000000",
  "Ret": "0x0000000000000000000000000000000000000000000000000000000000000000"
}
2018-10-19 17:14:32  [ http-nio-8080-exec-2:273163 ] - [ DEBUG ]  [REQUEST] {"Const":false,"From":"9d72420fcd89ae9dad07f2c3c4cb2b9887c14b49","Payload":"0xc3b81e220000000000000000000000000000000000000000000000000000000000000111","To":"0xae7f01e1eb9a9e2647772d8405d960b4d244df22"}
2018-10-19 17:14:32  [ http-nio-8080-exec-2:273164 ] - [ DEBUG ]  [REQUEST] CURL： curl -X POST --head '{"Const":false,"From":"9d72420fcd89ae9dad07f2c3c4cb2b9887c14b49","Payload":"0xc3b81e220000000000000000000000000000000000000000000000000000000000000111","To":"0xae7f01e1eb9a9e2647772d8405d960b4d244df22"}'
2018-10-19 17:14:34  [ http-nio-8080-exec-2:275603 ] - [ DEBUG ]  [RESPONSE] {
  "Code": 0,
  "Status": "ok",
  "TxHash": "0x9d677a5c9e46e7b6f5d0ba40299a547f40ba0624365288a1c3fca7055307421d",
  "ContractAddress": "0x0000000000000000000000000000000000000000",
  "Ret": "0x00000000000000000000000000000000000000000000000000000000000000200000000000000000000000000000000000000000000000000000000000000000"
}
2018-10-19 17:14:50  [ http-nio-8080-exec-3:291662 ] - [ DEBUG ]  [REQUEST] {"Const":false,"From":"9d72420fcd89ae9dad07f2c3c4cb2b9887c14b49","Payload":"0x63521bbf00000000000000000000000000000000000000000000000000000000000001113130303836313100000000000000000000000000000000000000000000000000000000000000000000000000000000000000000000000000000000000000000a","To":"0xae7f01e1eb9a9e2647772d8405d960b4d244df22"}
2018-10-19 17:14:50  [ http-nio-8080-exec-3:291663 ] - [ DEBUG ]  [REQUEST] CURL： curl -X POST --head '{"Const":false,"From":"9d72420fcd89ae9dad07f2c3c4cb2b9887c14b49","Payload":"0x63521bbf00000000000000000000000000000000000000000000000000000000000001113130303836313100000000000000000000000000000000000000000000000000000000000000000000000000000000000000000000000000000000000000000a","To":"0xae7f01e1eb9a9e2647772d8405d960b4d244df22"}'
2018-10-19 17:14:52  [ http-nio-8080-exec-3:293113 ] - [ DEBUG ]  [RESPONSE] {
  "Code": 0,
  "Status": "ok",
  "TxHash": "0xd0648984b74be1c6e8a893426046e755166bc8252609af569466df2364fe9754",
  "ContractAddress": "0x0000000000000000000000000000000000000000",
  "Ret": "0x0"
}
2018-10-19 17:14:57  [ http-nio-8080-exec-4:298406 ] - [ DEBUG ]  [REQUEST] {"Const":false,"From":"9d72420fcd89ae9dad07f2c3c4cb2b9887c14b49","Payload":"0xc3b81e220000000000000000000000000000000000000000000000000000000000000111","To":"0xae7f01e1eb9a9e2647772d8405d960b4d244df22"}
2018-10-19 17:14:57  [ http-nio-8080-exec-4:298407 ] - [ DEBUG ]  [REQUEST] CURL： curl -X POST --head '{"Const":false,"From":"9d72420fcd89ae9dad07f2c3c4cb2b9887c14b49","Payload":"0xc3b81e220000000000000000000000000000000000000000000000000000000000000111","To":"0xae7f01e1eb9a9e2647772d8405d960b4d244df22"}'
2018-10-19 17:15:01  [ http-nio-8080-exec-4:302489 ] - [ DEBUG ]  [RESPONSE] {
  "Code": 0,
  "Status": "ok",
  "TxHash": "0xf841cfdba8f0692d88db72cdb6078b29e70628f519b50549a753f8cba4ddab89",
  "ContractAddress": "0x0000000000000000000000000000000000000000",
  "Ret": "0x000000000000000000000000000000000000000000000000000000000000002000000000000000000000000000000000000000000000000000000000000000013130303836313100000000000000000000000000000000000000000000000000"
}
2018-10-19 17:15:10  [ http-nio-8080-exec-5:311891 ] - [ DEBUG ]  [REQUEST] {"Const":false,"From":"9d72420fcd89ae9dad07f2c3c4cb2b9887c14b49","Payload":"0xab8c0ec800000000000000000000000000000000000000000000000000000000000000013130303836313100000000000000000000000000000000000000000000000000","To":"0xae7f01e1eb9a9e2647772d8405d960b4d244df22"}
2018-10-19 17:15:10  [ http-nio-8080-exec-5:311893 ] - [ DEBUG ]  [REQUEST] CURL： curl -X POST --head '{"Const":false,"From":"9d72420fcd89ae9dad07f2c3c4cb2b9887c14b49","Payload":"0xab8c0ec800000000000000000000000000000000000000000000000000000000000000013130303836313100000000000000000000000000000000000000000000000000","To":"0xae7f01e1eb9a9e2647772d8405d960b4d244df22"}'
2018-10-19 17:15:13  [ http-nio-8080-exec-5:314035 ] - [ DEBUG ]  [RESPONSE] {
  "Code": 0,
  "Status": "ok",
  "TxHash": "0x14dbad1b11c9dfa51adbc94e78a5851d5247ccdfcebb72a000aebdfd29b62375",
  "ContractAddress": "0x0000000000000000000000000000000000000000",
  "Ret": "0x0"
}
2018-10-19 17:15:18  [ http-nio-8080-exec-6:319343 ] - [ DEBUG ]  [REQUEST] {"Const":false,"From":"9d72420fcd89ae9dad07f2c3c4cb2b9887c14b49","Payload":"0x32a841b30000000000000000000000000000000000000000000000000000000000000001","To":"0xae7f01e1eb9a9e2647772d8405d960b4d244df22"}
2018-10-19 17:15:18  [ http-nio-8080-exec-6:319346 ] - [ DEBUG ]  [REQUEST] CURL： curl -X POST --head '{"Const":false,"From":"9d72420fcd89ae9dad07f2c3c4cb2b9887c14b49","Payload":"0x32a841b30000000000000000000000000000000000000000000000000000000000000001","To":"0xae7f01e1eb9a9e2647772d8405d960b4d244df22"}'
2018-10-19 17:15:19  [ http-nio-8080-exec-6:320836 ] - [ DEBUG ]  [RESPONSE] {
  "Code": 0,
  "Status": "ok",
  "TxHash": "0x70565af0cb78a3ddd640990883d65d96892f645d13cdf3f41c21c24cb774cb99",
  "ContractAddress": "0x0000000000000000000000000000000000000000",
  "Ret": "0x0000000000000000000000000000000000000000000000000000000000000020000000000000000000000000000000000000000000000000000000000000000231303038360000000000000000000000000000000000000000000000000000003130303836313100000000000000000000000000000000000000000000000000"
}
2018-10-19 17:15:30  [ http-nio-8080-exec-7:331741 ] - [ DEBUG ]  [REQUEST] {"Const":false,"From":"9d72420fcd89ae9dad07f2c3c4cb2b9887c14b49","Payload":"0x36eed01f0000000000000000000000000000000000000000000000000000000000000001","To":"0xae7f01e1eb9a9e2647772d8405d960b4d244df22"}
2018-10-19 17:15:30  [ http-nio-8080-exec-7:331744 ] - [ DEBUG ]  [REQUEST] CURL： curl -X POST --head '{"Const":false,"From":"9d72420fcd89ae9dad07f2c3c4cb2b9887c14b49","Payload":"0x36eed01f0000000000000000000000000000000000000000000000000000000000000001","To":"0xae7f01e1eb9a9e2647772d8405d960b4d244df22"}'
2018-10-19 17:15:32  [ http-nio-8080-exec-7:333850 ] - [ DEBUG ]  [RESPONSE] {
  "Code": 0,
  "Status": "ok",
  "TxHash": "0x3abfb8b825bdcd26c3b130bab79d2a5688d0c358e91998f733d38fec0a8d2c47",
  "ContractAddress": "0x0000000000000000000000000000000000000000",
  "Ret": "0x0000000000000000000000000000000000000000000000000000000000000050"
}
2018-10-19 17:15:56  [ http-nio-8080-exec-8:357045 ] - [ DEBUG ]  [REQUEST] {"Const":false,"From":"9d72420fcd89ae9dad07f2c3c4cb2b9887c14b49","Payload":"0x58d7fa690000000000000000000000000000000000000000000000000000000000000111","To":"0xae7f01e1eb9a9e2647772d8405d960b4d244df22"}
2018-10-19 17:15:56  [ http-nio-8080-exec-8:357047 ] - [ DEBUG ]  [REQUEST] CURL： curl -X POST --head '{"Const":false,"From":"9d72420fcd89ae9dad07f2c3c4cb2b9887c14b49","Payload":"0x58d7fa690000000000000000000000000000000000000000000000000000000000000111","To":"0xae7f01e1eb9a9e2647772d8405d960b4d244df22"}'
2018-10-19 17:15:58  [ http-nio-8080-exec-8:359478 ] - [ DEBUG ]  [RESPONSE] {
  "Code": 0,
  "Status": "ok",
  "TxHash": "0x7c2571962bd95a7c0c143f54438cff1bf0ccd650e65e257dc0e02d8919e5bbcd",
  "ContractAddress": "0x0000000000000000000000000000000000000000",
  "Ret": "0x000000000000000000000000000000000000000000000000000000000000000a"
}
2018-10-19 17:16:13  [ http-nio-8080-exec-9:374100 ] - [ DEBUG ]  [REQUEST] {"Const":false,"From":"9d72420fcd89ae9dad07f2c3c4cb2b9887c14b49","Payload":"0x5909b7f80000000000000000000000000000000000000000000000000000000000000111000000000000000000000000000000000000000000000000000000000000000a","To":"0xae7f01e1eb9a9e2647772d8405d960b4d244df22"}
2018-10-19 17:16:13  [ http-nio-8080-exec-9:374101 ] - [ DEBUG ]  [REQUEST] CURL： curl -X POST --head '{"Const":false,"From":"9d72420fcd89ae9dad07f2c3c4cb2b9887c14b49","Payload":"0x5909b7f80000000000000000000000000000000000000000000000000000000000000111000000000000000000000000000000000000000000000000000000000000000a","To":"0xae7f01e1eb9a9e2647772d8405d960b4d244df22"}'
2018-10-19 17:16:15  [ http-nio-8080-exec-9:376815 ] - [ DEBUG ]  [RESPONSE] {
  "Code": 0,
  "Status": "ok",
  "TxHash": "0x85ac781765ee48b83eee256c372078b829875fc2e34e292abbac2ed89fc532e5",
  "ContractAddress": "0x0000000000000000000000000000000000000000",
  "Ret": "0x0"
}
2018-10-19 17:16:21  [ http-nio-8080-exec-10:382620 ] - [ DEBUG ]  [REQUEST] {"Const":false,"From":"9d72420fcd89ae9dad07f2c3c4cb2b9887c14b49","Payload":"0x58d7fa690000000000000000000000000000000000000000000000000000000000000111","To":"0xae7f01e1eb9a9e2647772d8405d960b4d244df22"}
2018-10-19 17:16:21  [ http-nio-8080-exec-10:382622 ] - [ DEBUG ]  [REQUEST] CURL： curl -X POST --head '{"Const":false,"From":"9d72420fcd89ae9dad07f2c3c4cb2b9887c14b49","Payload":"0x58d7fa690000000000000000000000000000000000000000000000000000000000000111","To":"0xae7f01e1eb9a9e2647772d8405d960b4d244df22"}'
2018-10-19 17:16:23  [ http-nio-8080-exec-10:384487 ] - [ DEBUG ]  [RESPONSE] {
  "Code": 0,
  "Status": "ok",
  "TxHash": "0x04e29ba047a4415de479bf5bd47f3d26f3969ff281fb0e5f1731f0354dbda072",
  "ContractAddress": "0x0000000000000000000000000000000000000000",
  "Ret": "0x0000000000000000000000000000000000000000000000000000000000000000"
}
2018-10-19 17:16:36  [ http-nio-8080-exec-1:397116 ] - [ DEBUG ]  [REQUEST] {"Const":false,"From":"9d72420fcd89ae9dad07f2c3c4cb2b9887c14b49","Payload":"0x32fb9860","To":"0xae7f01e1eb9a9e2647772d8405d960b4d244df22"}
2018-10-19 17:16:36  [ http-nio-8080-exec-1:397117 ] - [ DEBUG ]  [REQUEST] CURL： curl -X POST --head '{"Const":false,"From":"9d72420fcd89ae9dad07f2c3c4cb2b9887c14b49","Payload":"0x32fb9860","To":"0xae7f01e1eb9a9e2647772d8405d960b4d244df22"}'
2018-10-19 17:16:38  [ http-nio-8080-exec-1:399945 ] - [ DEBUG ]  [RESPONSE] {
  "Code": 0,
  "Status": "ok",
  "TxHash": "0x3ecfec0f0f538d7af94f366bcb6feb03b4f4ad1829e5925d0ea1aab2033c01c0",
  "ContractAddress": "0x0000000000000000000000000000000000000000",
  "Ret": "0x000000000000000000000000000000000000000000000000000000000000000a"
}
2018-10-19 17:16:49  [ http-nio-8080-exec-2:410750 ] - [ DEBUG ]  [REQUEST] {"Const":false,"From":"9d72420fcd89ae9dad07f2c3c4cb2b9887c14b49","Payload":"0xb35b34e400000000000000000000000000000000000000000000000000000000000002223232320000000000000000000000000000000000000000000000000000000000","To":"0xae7f01e1eb9a9e2647772d8405d960b4d244df22"}
2018-10-19 17:16:49  [ http-nio-8080-exec-2:410753 ] - [ DEBUG ]  [REQUEST] CURL： curl -X POST --head '{"Const":false,"From":"9d72420fcd89ae9dad07f2c3c4cb2b9887c14b49","Payload":"0xb35b34e400000000000000000000000000000000000000000000000000000000000002223232320000000000000000000000000000000000000000000000000000000000","To":"0xae7f01e1eb9a9e2647772d8405d960b4d244df22"}'
2018-10-19 17:16:54  [ http-nio-8080-exec-2:415688 ] - [ DEBUG ]  [RESPONSE] {
  "Code": 0,
  "Status": "ok",
  "TxHash": "0xf7d905ef4a08a834110e11d1e9052db1ee854c3d3de4f2fcda0be0527892e97a",
  "ContractAddress": "0x0000000000000000000000000000000000000000",
  "Ret": "0x0"
}
2018-10-19 17:17:16  [ http-nio-8080-exec-3:437364 ] - [ DEBUG ]  [REQUEST] {"Const":false,"From":"9d72420fcd89ae9dad07f2c3c4cb2b9887c14b49","Payload":"0xab8c0ec800000000000000000000000000000000000000000000000000000000000000013130303836313100000000000000000000000000000000000000000000000000","To":"0xae7f01e1eb9a9e2647772d8405d960b4d244df22"}
2018-10-19 17:17:16  [ http-nio-8080-exec-3:437365 ] - [ DEBUG ]  [REQUEST] CURL： curl -X POST --head '{"Const":false,"From":"9d72420fcd89ae9dad07f2c3c4cb2b9887c14b49","Payload":"0xab8c0ec800000000000000000000000000000000000000000000000000000000000000013130303836313100000000000000000000000000000000000000000000000000","To":"0xae7f01e1eb9a9e2647772d8405d960b4d244df22"}'
2018-10-19 17:17:17  [ http-nio-8080-exec-3:438779 ] - [ DEBUG ]  [RESPONSE] {
  "Code": 0,
  "Status": "ok",
  "TxHash": "0x99309bc80f4e9e78cff2c5ee3389c1d139f05dbfe39cdbbbb8ba1499de976845",
  "ContractAddress": "0x0000000000000000000000000000000000000000",
  "Ret": "0x0"
}
2018-10-19 17:17:25  [ http-nio-8080-exec-4:446015 ] - [ DEBUG ]  [REQUEST] {"Const":false,"From":"9d72420fcd89ae9dad07f2c3c4cb2b9887c14b49","Payload":"0x36eed01f0000000000000000000000000000000000000000000000000000000000000001","To":"0xae7f01e1eb9a9e2647772d8405d960b4d244df22"}
2018-10-19 17:17:25  [ http-nio-8080-exec-4:446016 ] - [ DEBUG ]  [REQUEST] CURL： curl -X POST --head '{"Const":false,"From":"9d72420fcd89ae9dad07f2c3c4cb2b9887c14b49","Payload":"0x36eed01f0000000000000000000000000000000000000000000000000000000000000001","To":"0xae7f01e1eb9a9e2647772d8405d960b4d244df22"}'
2018-10-19 17:17:26  [ http-nio-8080-exec-4:447371 ] - [ DEBUG ]  [RESPONSE] {
  "Code": 0,
  "Status": "ok",
  "TxHash": "0x9519c890477862293ec8343887759b50c117266984a4718761f710e0d178b250",
  "ContractAddress": "0x0000000000000000000000000000000000000000",
  "Ret": "0x0000000000000000000000000000000000000000000000000000000000000046"
}
2018-10-19 17:17:39  [ http-nio-8080-exec-5:460882 ] - [ DEBUG ]  [REQUEST] {"Const":false,"From":"9d72420fcd89ae9dad07f2c3c4cb2b9887c14b49","Payload":"0x87ab84030000000000000000000000000000000000000000000000000000000000000001000000000000000000000000000000000000000000000000000000000000011100000000000000000000000000000000000000000000000000000000000002220000000000000000000000000000000000000000000000000000000000000005","To":"0xae7f01e1eb9a9e2647772d8405d960b4d244df22"}
2018-10-19 17:17:39  [ http-nio-8080-exec-5:460884 ] - [ DEBUG ]  [REQUEST] CURL： curl -X POST --head '{"Const":false,"From":"9d72420fcd89ae9dad07f2c3c4cb2b9887c14b49","Payload":"0x87ab84030000000000000000000000000000000000000000000000000000000000000001000000000000000000000000000000000000000000000000000000000000011100000000000000000000000000000000000000000000000000000000000002220000000000000000000000000000000000000000000000000000000000000005","To":"0xae7f01e1eb9a9e2647772d8405d960b4d244df22"}'
2018-10-19 17:17:42  [ http-nio-8080-exec-5:463024 ] - [ DEBUG ]  [RESPONSE] {
  "Code": 0,
  "Status": "ok",
  "TxHash": "0x147eccd32fa074287b93de9b2db72a643edf28fbf1fa199a96dcd8dfd6043ac3",
  "ContractAddress": "0x0000000000000000000000000000000000000000",
  "Ret": "0x0"
}
2018-10-19 17:17:52  [ http-nio-8080-exec-6:473563 ] - [ DEBUG ]  [REQUEST] {"Const":false,"From":"9d72420fcd89ae9dad07f2c3c4cb2b9887c14b49","Payload":"0x58d7fa690000000000000000000000000000000000000000000000000000000000000111","To":"0xae7f01e1eb9a9e2647772d8405d960b4d244df22"}
2018-10-19 17:17:52  [ http-nio-8080-exec-6:473565 ] - [ DEBUG ]  [REQUEST] CURL： curl -X POST --head '{"Const":false,"From":"9d72420fcd89ae9dad07f2c3c4cb2b9887c14b49","Payload":"0x58d7fa690000000000000000000000000000000000000000000000000000000000000111","To":"0xae7f01e1eb9a9e2647772d8405d960b4d244df22"}'
2018-10-19 17:17:55  [ http-nio-8080-exec-6:475956 ] - [ DEBUG ]  [RESPONSE] {
  "Code": 0,
  "Status": "ok",
  "TxHash": "0x0b7d9595aaa5a44180c7d1947390710c8831ad47b45315b944ce229d54992b76",
  "ContractAddress": "0x0000000000000000000000000000000000000000",
  "Ret": "0x0000000000000000000000000000000000000000000000000000000000000005"
}
2018-10-19 17:17:58  [ http-nio-8080-exec-7:479922 ] - [ DEBUG ]  [REQUEST] {"Const":false,"From":"9d72420fcd89ae9dad07f2c3c4cb2b9887c14b49","Payload":"0x58d7fa690000000000000000000000000000000000000000000000000000000000000222","To":"0xae7f01e1eb9a9e2647772d8405d960b4d244df22"}
2018-10-19 17:17:58  [ http-nio-8080-exec-7:479924 ] - [ DEBUG ]  [REQUEST] CURL： curl -X POST --head '{"Const":false,"From":"9d72420fcd89ae9dad07f2c3c4cb2b9887c14b49","Payload":"0x58d7fa690000000000000000000000000000000000000000000000000000000000000222","To":"0xae7f01e1eb9a9e2647772d8405d960b4d244df22"}'
2018-10-19 17:18:00  [ http-nio-8080-exec-7:481610 ] - [ DEBUG ]  [RESPONSE] {
  "Code": 0,
  "Status": "ok",
  "TxHash": "0x780b89a8e3d7e91c0dd6185eb8eaf0c5d067aa58444b569848bf87ce5888bcf1",
  "ContractAddress": "0x0000000000000000000000000000000000000000",
  "Ret": "0x0000000000000000000000000000000000000000000000000000000000000005"
}
